[0.019s] Invoking command in '/home/luky/ws_foxy/build/my_bot': CMAKE_PREFIX_PATH=/opt/ros/foxy /usr/bin/cmake --build /home/luky/ws_foxy/build/my_bot -- -j12 -l12
[0.066s] -- Found ament_cmake: 0.9.11 (/opt/ros/foxy/share/ament_cmake/cmake)
[0.088s] -- Using PYTHON_EXECUTABLE: /usr/bin/python3
[0.261s] -- Override CMake install command with custom implementation using symlinks instead of copying resources
[0.272s] -- Found ament_lint_auto: 0.9.7 (/opt/ros/foxy/share/ament_lint_auto/cmake)
[0.345s] -- Added test 'copyright' to check source files copyright and LICENSE
[0.346s] -- Added test 'flake8' to check Python code syntax and style conventions
[0.347s] -- Added test 'lint_cmake' to check CMake code style
[0.348s] -- Added test 'pep257' to check Python code against some of the style conventions in PEP 257
[0.349s] -- Added test 'xmllint' to check XML markup files
[0.351s] -- Configuring done
[0.358s] -- Generating done
[0.360s] -- Build files have been written to: /home/luky/ws_foxy/build/my_bot
[0.383s] Invoked command in '/home/luky/ws_foxy/build/my_bot' returned '0': CMAKE_PREFIX_PATH=/opt/ros/foxy /usr/bin/cmake --build /home/luky/ws_foxy/build/my_bot -- -j12 -l12
[0.413s] Invoking command in '/home/luky/ws_foxy/build/my_bot': CMAKE_PREFIX_PATH=/opt/ros/foxy /usr/bin/cmake --install /home/luky/ws_foxy/build/my_bot
[0.420s] -- Install configuration: ""
[0.420s] -- Execute custom install script
[0.422s] -- Symlinking: /home/luky/ws_foxy/install/my_bot/share/my_bot/description/colours.xacro
[0.430s] -- Symlinking: /home/luky/ws_foxy/install/my_bot/share/my_bot/description/robot.urdf.xacro
[0.438s] -- Symlinking: /home/luky/ws_foxy/install/my_bot/share/my_bot/description/robot_core.xacro
[0.447s] -- Symlinking: /home/luky/ws_foxy/install/my_bot/share/my_bot/launch/launch.py
[0.456s] -- Up-to-date symlink: /home/luky/ws_foxy/install/my_bot/share/ament_index/resource_index/package_run_dependencies/my_bot
[0.457s] -- Up-to-date symlink: /home/luky/ws_foxy/install/my_bot/share/ament_index/resource_index/parent_prefix_path/my_bot
[0.457s] -- Up-to-date symlink: /home/luky/ws_foxy/install/my_bot/share/my_bot/environment/ament_prefix_path.sh
[0.457s] -- Up-to-date symlink: /home/luky/ws_foxy/install/my_bot/share/my_bot/environment/ament_prefix_path.dsv
[0.458s] -- Up-to-date symlink: /home/luky/ws_foxy/install/my_bot/share/my_bot/environment/path.sh
[0.458s] -- Up-to-date symlink: /home/luky/ws_foxy/install/my_bot/share/my_bot/environment/path.dsv
[0.458s] -- Up-to-date symlink: /home/luky/ws_foxy/install/my_bot/share/my_bot/local_setup.bash
[0.459s] -- Up-to-date symlink: /home/luky/ws_foxy/install/my_bot/share/my_bot/local_setup.sh
[0.459s] -- Up-to-date symlink: /home/luky/ws_foxy/install/my_bot/share/my_bot/local_setup.zsh
[0.459s] -- Up-to-date symlink: /home/luky/ws_foxy/install/my_bot/share/my_bot/local_setup.dsv
[0.460s] -- Symlinking: /home/luky/ws_foxy/install/my_bot/share/my_bot/package.dsv
[0.469s] -- Up-to-date symlink: /home/luky/ws_foxy/install/my_bot/share/ament_index/resource_index/packages/my_bot
[0.470s] -- Up-to-date symlink: /home/luky/ws_foxy/install/my_bot/share/my_bot/cmake/my_botConfig.cmake
[0.470s] -- Up-to-date symlink: /home/luky/ws_foxy/install/my_bot/share/my_bot/cmake/my_botConfig-version.cmake
[0.470s] -- Up-to-date symlink: /home/luky/ws_foxy/install/my_bot/share/my_bot/package.xml
[0.474s] Invoked command in '/home/luky/ws_foxy/build/my_bot' returned '0': CMAKE_PREFIX_PATH=/opt/ros/foxy /usr/bin/cmake --install /home/luky/ws_foxy/build/my_bot
