[0.022s] Invoking command in '/home/luky/ws_foxy/build/my_bot': CMAKE_PREFIX_PATH=${CMAKE_PREFIX_PATH}:/opt/ros/foxy /usr/bin/cmake /home/luky/ws_foxy/src/my_bot -DAMENT_CMAKE_SYMLINK_INSTALL=1 -DCMAKE_INSTALL_PREFIX=/home/luky/ws_foxy/install/my_bot
[0.039s] -- Found ament_cmake: 0.9.11 (/opt/ros/foxy/share/ament_cmake/cmake)
[0.075s] -- Using PYTHON_EXECUTABLE: /usr/bin/python3
[0.333s] -- Override CMake install command with custom implementation using symlinks instead of copying resources
[0.342s] -- Found ament_lint_auto: 0.9.7 (/opt/ros/foxy/share/ament_lint_auto/cmake)
[0.419s] -- Added test 'copyright' to check source files copyright and LICENSE
[0.420s] -- Added test 'flake8' to check Python code syntax and style conventions
[0.421s] -- Added test 'lint_cmake' to check CMake code style
[0.421s] -- Added test 'pep257' to check Python code against some of the style conventions in PEP 257
[0.422s] -- Added test 'xmllint' to check XML markup files
[0.424s] -- Configuring done
[0.428s] -- Generating done
[0.429s] -- Build files have been written to: /home/luky/ws_foxy/build/my_bot
[0.434s] Invoked command in '/home/luky/ws_foxy/build/my_bot' returned '0': CMAKE_PREFIX_PATH=${CMAKE_PREFIX_PATH}:/opt/ros/foxy /usr/bin/cmake /home/luky/ws_foxy/src/my_bot -DAMENT_CMAKE_SYMLINK_INSTALL=1 -DCMAKE_INSTALL_PREFIX=/home/luky/ws_foxy/install/my_bot
[0.436s] Invoking command in '/home/luky/ws_foxy/build/my_bot': CMAKE_PREFIX_PATH=${CMAKE_PREFIX_PATH}:/opt/ros/foxy /usr/bin/cmake --build /home/luky/ws_foxy/build/my_bot -- -j12 -l12
[0.491s] Invoked command in '/home/luky/ws_foxy/build/my_bot' returned '0': CMAKE_PREFIX_PATH=${CMAKE_PREFIX_PATH}:/opt/ros/foxy /usr/bin/cmake --build /home/luky/ws_foxy/build/my_bot -- -j12 -l12
[0.542s] Invoking command in '/home/luky/ws_foxy/build/my_bot': CMAKE_PREFIX_PATH=${CMAKE_PREFIX_PATH}:/opt/ros/foxy /usr/bin/cmake --install /home/luky/ws_foxy/build/my_bot
[0.552s] -- Install configuration: ""
[0.552s] -- Execute custom install script
[0.553s] -- Up-to-date symlink: /home/luky/ws_foxy/install/my_bot/share/my_bot/config/config.rviz
[0.554s] -- Up-to-date symlink: /home/luky/ws_foxy/install/my_bot/share/my_bot/description/colours.xacro
[0.554s] -- Up-to-date symlink: /home/luky/ws_foxy/install/my_bot/share/my_bot/description/inertial_macros.xacro
[0.554s] -- Up-to-date symlink: /home/luky/ws_foxy/install/my_bot/share/my_bot/description/robot.urdf.xacro
[0.555s] -- Up-to-date symlink: /home/luky/ws_foxy/install/my_bot/share/my_bot/description/robot_core.xacro
[0.555s] -- Up-to-date symlink: /home/luky/ws_foxy/install/my_bot/share/my_bot/launch/launch.py
[0.556s] -- Up-to-date symlink: /home/luky/ws_foxy/install/my_bot/share/my_bot/launch/launch_sim.py
[0.556s] -- Up-to-date symlink: /home/luky/ws_foxy/install/my_bot/share/ament_index/resource_index/package_run_dependencies/my_bot
[0.557s] -- Up-to-date symlink: /home/luky/ws_foxy/install/my_bot/share/ament_index/resource_index/parent_prefix_path/my_bot
[0.557s] -- Up-to-date symlink: /home/luky/ws_foxy/install/my_bot/share/my_bot/environment/ament_prefix_path.sh
[0.558s] -- Up-to-date symlink: /home/luky/ws_foxy/install/my_bot/share/my_bot/environment/ament_prefix_path.dsv
[0.558s] -- Up-to-date symlink: /home/luky/ws_foxy/install/my_bot/share/my_bot/environment/path.sh
[0.558s] -- Up-to-date symlink: /home/luky/ws_foxy/install/my_bot/share/my_bot/environment/path.dsv
[0.559s] -- Up-to-date symlink: /home/luky/ws_foxy/install/my_bot/share/my_bot/local_setup.bash
[0.559s] -- Up-to-date symlink: /home/luky/ws_foxy/install/my_bot/share/my_bot/local_setup.sh
[0.559s] -- Up-to-date symlink: /home/luky/ws_foxy/install/my_bot/share/my_bot/local_setup.zsh
[0.560s] -- Up-to-date symlink: /home/luky/ws_foxy/install/my_bot/share/my_bot/local_setup.dsv
[0.560s] -- Symlinking: /home/luky/ws_foxy/install/my_bot/share/my_bot/package.dsv
[0.572s] -- Up-to-date symlink: /home/luky/ws_foxy/install/my_bot/share/ament_index/resource_index/packages/my_bot
[0.572s] -- Up-to-date symlink: /home/luky/ws_foxy/install/my_bot/share/my_bot/cmake/my_botConfig.cmake
[0.573s] -- Up-to-date symlink: /home/luky/ws_foxy/install/my_bot/share/my_bot/cmake/my_botConfig-version.cmake
[0.573s] -- Up-to-date symlink: /home/luky/ws_foxy/install/my_bot/share/my_bot/package.xml
[0.576s] Invoked command in '/home/luky/ws_foxy/build/my_bot' returned '0': CMAKE_PREFIX_PATH=${CMAKE_PREFIX_PATH}:/opt/ros/foxy /usr/bin/cmake --install /home/luky/ws_foxy/build/my_bot
