[0.027s] Invoking command in '/home/luky/ws_foxy/build/my_bot': CMAKE_PREFIX_PATH=${CMAKE_PREFIX_PATH}:/opt/ros/foxy /usr/bin/cmake --build /home/luky/ws_foxy/build/my_bot -- -j12 -l12
[0.071s] Invoked command in '/home/luky/ws_foxy/build/my_bot' returned '0': CMAKE_PREFIX_PATH=${CMAKE_PREFIX_PATH}:/opt/ros/foxy /usr/bin/cmake --build /home/luky/ws_foxy/build/my_bot -- -j12 -l12
[0.118s] Invoking command in '/home/luky/ws_foxy/build/my_bot': CMAKE_PREFIX_PATH=${CMAKE_PREFIX_PATH}:/opt/ros/foxy /usr/bin/cmake --install /home/luky/ws_foxy/build/my_bot
[0.128s] -- Install configuration: ""
[0.128s] -- Execute custom install script
[0.129s] -- Up-to-date symlink: /home/luky/ws_foxy/install/my_bot/share/my_bot/config/config.rviz
[0.129s] -- Up-to-date symlink: /home/luky/ws_foxy/install/my_bot/share/my_bot/description/colours.xacro
[0.130s] -- Up-to-date symlink: /home/luky/ws_foxy/install/my_bot/share/my_bot/description/inertial_macros.xacro
[0.130s] -- Up-to-date symlink: /home/luky/ws_foxy/install/my_bot/share/my_bot/description/robot.urdf.xacro
[0.130s] -- Up-to-date symlink: /home/luky/ws_foxy/install/my_bot/share/my_bot/description/robot_core.xacro
[0.131s] -- Up-to-date symlink: /home/luky/ws_foxy/install/my_bot/share/my_bot/launch/launch.py
[0.131s] -- Up-to-date symlink: /home/luky/ws_foxy/install/my_bot/share/ament_index/resource_index/package_run_dependencies/my_bot
[0.132s] -- Up-to-date symlink: /home/luky/ws_foxy/install/my_bot/share/ament_index/resource_index/parent_prefix_path/my_bot
[0.132s] -- Up-to-date symlink: /home/luky/ws_foxy/install/my_bot/share/my_bot/environment/ament_prefix_path.sh
[0.133s] -- Up-to-date symlink: /home/luky/ws_foxy/install/my_bot/share/my_bot/environment/ament_prefix_path.dsv
[0.133s] -- Up-to-date symlink: /home/luky/ws_foxy/install/my_bot/share/my_bot/environment/path.sh
[0.133s] -- Up-to-date symlink: /home/luky/ws_foxy/install/my_bot/share/my_bot/environment/path.dsv
[0.133s] -- Up-to-date symlink: /home/luky/ws_foxy/install/my_bot/share/my_bot/local_setup.bash
[0.134s] -- Up-to-date symlink: /home/luky/ws_foxy/install/my_bot/share/my_bot/local_setup.sh
[0.134s] -- Up-to-date symlink: /home/luky/ws_foxy/install/my_bot/share/my_bot/local_setup.zsh
[0.134s] -- Up-to-date symlink: /home/luky/ws_foxy/install/my_bot/share/my_bot/local_setup.dsv
[0.135s] -- Symlinking: /home/luky/ws_foxy/install/my_bot/share/my_bot/package.dsv
[0.147s] -- Up-to-date symlink: /home/luky/ws_foxy/install/my_bot/share/ament_index/resource_index/packages/my_bot
[0.147s] -- Up-to-date symlink: /home/luky/ws_foxy/install/my_bot/share/my_bot/cmake/my_botConfig.cmake
[0.147s] -- Up-to-date symlink: /home/luky/ws_foxy/install/my_bot/share/my_bot/cmake/my_botConfig-version.cmake
[0.148s] -- Up-to-date symlink: /home/luky/ws_foxy/install/my_bot/share/my_bot/package.xml
[0.152s] Invoked command in '/home/luky/ws_foxy/build/my_bot' returned '0': CMAKE_PREFIX_PATH=${CMAKE_PREFIX_PATH}:/opt/ros/foxy /usr/bin/cmake --install /home/luky/ws_foxy/build/my_bot
